
--- Unmatched in סקר_ילדאבא-בוקר.csv ---
Unmatched: Question Text -> None
Unmatched: תן דוגמה למשהו שעצבן אותך היום (אפשר גם להקליט תשובה) -> None

--- Unmatched in סקר_ילדאבא-ערב.csv ---
Unmatched: Question Text -> None
Unmatched: תן דוגמה למשהו שעצבן אותך היום (אפשר גם להקליט תשובה) -> None
Unmatched: מזכירים לשחק גם במשחק -> None

--- Unmatched in סקר_ילדאבא-בוקר.csv ---
Unmatched: Question Text -> None
Unmatched: תן דוגמה למשהו שעצבן אותך היום (אפשר גם להקליט תשובה) -> None

--- Unmatched in סקר_ילדאבא-ערב.csv ---
Unmatched: Question Text -> None
Unmatched: תן דוגמה למשהו שעצבן אותך היום (אפשר גם להקליט תשובה) -> None
Unmatched: מזכירים לשחק גם במשחק -> None

--- Unmatched in סקר_ילדאמא-בוקר.csv ---
Unmatched: Question Text -> None
Unmatched: תן דוגמה למשהו שעצבן אותך היום (אפשר גם להקליט תשובה) -> None
Unmatched: מאז הסקר האחרון, היה לי קשה להפסיק לעשות משהו אחרי שביקשו ממני להפסיק (לדוגמה כשמורים מבקשים ממני להפסיק לדבר בכיתה או כשאמא מבקשת ממני להפסיק להיות מול המסך) -> None

--- Unmatched in סקר_ילדאמא-ערב.csv ---
Unmatched: Question Text -> None
Unmatched: תן דוגמה למשהו שעצבן אותך היום (אפשר גם להקליט תשובה) -> None
Unmatched: מאז הסקר האחרון, היה לי קשה להפסיק לעשות משהו אחרי שביקשו ממני להפסיק (לדוגמה כשמורים מבקשים ממני להפסיק לדבר בכיתה או כשאמא מבקשת ממני להפסיק להיות מול המסך) -> None
Unmatched: מזכירים לשחק גם במשחק -> None

--- Unmatched in סקר_ילדאמא-בוקר.csv ---
Unmatched: Question Text -> None
Unmatched: תן דוגמה למשהו שעצבן אותך היום (אפשר גם להקליט תשובה) -> None
Unmatched: מאז הסקר האחרון, היה לי קשה להפסיק לעשות משהו אחרי שביקשו ממני להפסיק (לדוגמה כשמורים מבקשים ממני להפסיק לדבר בכיתה או כשאמא מבקשת ממני להפסיק להיות מול המסך) -> None

--- Unmatched in סקר_ילדאמא-ערב.csv ---
Unmatched: Question Text -> None
Unmatched: תן דוגמה למשהו שעצבן אותך היום (אפשר גם להקליט תשובה) -> None
Unmatched: מאז הסקר האחרון, היה לי קשה להפסיק לעשות משהו אחרי שביקשו ממני להפסיק (לדוגמה כשמורים מבקשים ממני להפסיק לדבר בכיתה או כשאמא מבקשת ממני להפסיק להיות מול המסך) -> None
Unmatched: מזכירים לשחק גם במשחק -> None

--- Unmatched in סקר_ילדהאבא-בוקר.csv ---
Unmatched: Question Text -> None
Unmatched: תני דוגמה למשהו שעצבן אותך היום (אפשר גם להקליט תשובה) -> None
Unmatched: מאז הסקר האחרון, שיתפתי את אבא שלי ברגשות/תחושות שלי (שאני שמחה / עצובה / כועסת / עצבנית / שקרה לי משהו מרגש היום) -> None

--- Unmatched in סקר_ילדהאבא-ערב.csv ---
Unmatched: Question Text -> None
Unmatched: תני דוגמה למשהו שעצבן אותך היום (אפשר גם להקליט תשובה) -> None
Unmatched: מאז הסקר האחרון, שיתפתי את אבא שלי ברגשות/תחושות שלי (שאני שמחה / עצובה / כועסת / עצבנית / שקרה לי משהו מרגש היום) -> None
Unmatched: מזכירים לשחק גם במשחק -> None

--- Unmatched in סקר_ילדהאבא-בוקר.csv ---
Unmatched: Question Text -> None
Unmatched: תני דוגמה למשהו שעצבן אותך היום (אפשר גם להקליט תשובה) -> None
Unmatched: מאז הסקר האחרון, שיתפתי את אבא שלי ברגשות/תחושות שלי (שאני שמחה / עצובה / כועסת / עצבנית / שקרה לי משהו מרגש היום) -> None

--- Unmatched in סקר_ילדהאבא-ערב.csv ---
Unmatched: Question Text -> None
Unmatched: תני דוגמה למשהו שעצבן אותך היום (אפשר גם להקליט תשובה) -> None
Unmatched: מאז הסקר האחרון, שיתפתי את אבא שלי ברגשות/תחושות שלי (שאני שמחה / עצובה / כועסת / עצבנית / שקרה לי משהו מרגש היום) -> None
Unmatched: מזכירים לשחק גם במשחק -> None

--- Unmatched in סקר_ילדהאמא-בוקר.csv ---
Unmatched: Question Text -> None
Unmatched: מאז הסקר האחרון, היה לי קשה להפסיק לעשות משהו אחרי שביקשו ממני להפסיק (לדוגמה כשמורים מבקשים ממני להפסיק לדבר בכיתה או כשאמא מבקש ממני להפסיק להיות מול המסך) -> None
Unmatched: תני דוגמה למשהו שעצבן אותך היום (אפשר גם להקליט תשובה) -> None
Unmatched: מאז הסקר האחרון, אמא שלי העביר עליי ביקורת -> None
Unmatched: מאז הסקר האחרון, שיתפתי את אמא שלי ברגשות/תחושות שלי (שאני שמחה / עצובה / כועסת / עצבנית / שקרה לי משהו מרגש היום) -> None
Unmatched: מאז הסקר האחרון, אמא שלי היה סבלנית כלפיי -> None

--- Unmatched in סקר_ילדהאמא-ערב.csv ---
Unmatched: Question Text -> None
Unmatched: מאז הסקר האחרון, שיתפתי את אמא שלי ברגשות/תחושות שלי (שאני שמחה / עצובה / כועסת / עצבנית / שקרה לי משהו מרגש היום) -> None
Unmatched: תני דוגמה למשהו שעצבן אותך היום (אפשר גם להקליט תשובה) -> None
Unmatched: מאז הסקר האחרון, היה לי קשה להפסיק לעשות משהו אחרי שביקשו ממני להפסיק (לדוגמה כשמורים מבקשים ממני להפסיק לדבר בכיתה או כשאמא מבקש ממני להפסיק להיות מול המסך) -> None
Unmatched: מזכירים לשחק גם במשחק -> None

--- Unmatched in סקר_ילדהאמא-בוקר.csv ---
Unmatched: Question Text -> None
Unmatched: מאז הסקר האחרון, היה לי קשה להפסיק לעשות משהו אחרי שביקשו ממני להפסיק (לדוגמה כשמורים מבקשים ממני להפסיק לדבר בכיתה או כשאמא מבקש ממני להפסיק להיות מול המסך) -> None
Unmatched: תני דוגמה למשהו שעצבן אותך היום (אפשר גם להקליט תשובה) -> None
Unmatched: מאז הסקר האחרון, אמא שלי העביר עליי ביקורת -> None
Unmatched: מאז הסקר האחרון, שיתפתי את אמא שלי ברגשות/תחושות שלי (שאני שמחה / עצובה / כועסת / עצבנית / שקרה לי משהו מרגש היום) -> None
Unmatched: מאז הסקר האחרון, אמא שלי היה סבלנית כלפיי -> None

--- Unmatched in סקר_ילדהאמא-ערב.csv ---
Unmatched: Question Text -> None
Unmatched: מאז הסקר האחרון, שיתפתי את אמא שלי ברגשות/תחושות שלי (שאני שמחה / עצובה / כועסת / עצבנית / שקרה לי משהו מרגש היום) -> None
Unmatched: תני דוגמה למשהו שעצבן אותך היום (אפשר גם להקליט תשובה) -> None
Unmatched: מאז הסקר האחרון, היה לי קשה להפסיק לעשות משהו אחרי שביקשו ממני להפסיק (לדוגמה כשמורים מבקשים ממני להפסיק לדבר בכיתה או כשאמא מבקש ממני להפסיק להיות מול המסך) -> None
Unmatched: מזכירים לשחק גם במשחק -> None

--- Unmatched in סקר_הורה__בוקר.csv ---
Unmatched: Question Text -> None

--- Unmatched in סקר_הורהערב.csv ---
Unmatched: Question Text -> None
Unmatched: (אפשר גם להקליט תשובה) תן/י דוגמאות למשהו שעצבן את הילד/ה שלך היום (טריגר) -> None

--- Unmatched in סקר_הורה__בוקר.csv ---
Unmatched: Question Text -> None

--- Unmatched in סקר_הורהערב.csv ---
Unmatched: Question Text -> None
