
--- Unmatched participants in folder: data/extracted\EMA_Boy_Father ---
ID: 67487b67cc103e20a98416f6, Code: #TEST345
Name: 0, dtype: object, Reason: invalid code
ID: 66e03ee644f1da2a6001020f, Code: #test123
Name: 1, dtype: object, Reason: invalid code
ID: 66e03ee644f1da2a6001020f, Code: test-test
Name: 2, dtype: object, Reason: invalid code

--- Unmatched participants in folder: data/extracted\EMA_Girl_Father__בלי_שישי_שבת_ ---
ID: 66e03ee644f1da2a6001020f, Code: בדיקה בדיקה
Name: 2, dtype: object, Reason: invalid code
[FIXED CODE] Row 6: original=': #7340' -> cleaned='#7340'

--- Unmatched participants in folder: data/extracted\EMA_Girl_Mother ---
ID: 67ac91178eb0e335f94140d3, Code: girlm123
Name: 12, dtype: object, Reason: invalid code
ID: 66e03ee644f1da2a6001020f, Code: test-test
Name: 18, dtype: object, Reason: invalid code
[FIXED CODE] Row 26: original='7383' -> cleaned='#7383'

--- Unmatched participants in folder: data/extracted\EMA_Parent ---
ID: 66e03ee644f1da2a6001020f, Code: דוגמה דוגמה
Name: 0, dtype: object, Reason: invalid code
ID: 677a56f892b3eb66e20f7ea2, Code: נסיון
Name: 9, dtype: object, Reason: invalid code

--- Unmatched participants in folder: data/extracted\EMA_Boy_Father ---
ID: 67487b67cc103e20a98416f6, Code: #TEST345
Name: 0, dtype: object, Reason: invalid code
ID: 66e03ee644f1da2a6001020f, Code: #test123
Name: 1, dtype: object, Reason: invalid code
ID: 66e03ee644f1da2a6001020f, Code: test-test
Name: 2, dtype: object, Reason: invalid code

--- Unmatched participants in folder: data/extracted\EMA_Girl_Father__בלי_שישי_שבת_ ---
ID: 66e03ee644f1da2a6001020f, Code: בדיקה בדיקה
Name: 2, dtype: object, Reason: invalid code
[FIXED CODE] Row 6: original=': #7340' -> cleaned='#7340'

--- Unmatched participants in folder: data/extracted\EMA_Girl_Mother ---
ID: 67ac91178eb0e335f94140d3, Code: girlm123
Name: 12, dtype: object, Reason: invalid code
ID: 66e03ee644f1da2a6001020f, Code: test-test
Name: 18, dtype: object, Reason: invalid code
[FIXED CODE] Row 26: original='7383' -> cleaned='#7383'

--- Unmatched participants in folder: data/extracted\EMA_Parent ---
ID: 66e03ee644f1da2a6001020f, Code: דוגמה דוגמה
Name: 0, dtype: object, Reason: invalid code
ID: 677a56f892b3eb66e20f7ea2, Code: נסיון
Name: 9, dtype: object, Reason: invalid code

--- Unmatched participants in folder: data/extracted\EMA_Boy_Father ---
ID: 67487b67cc103e20a98416f6, Code: #TEST345
Name: 0, dtype: object, Reason: invalid code
ID: 66e03ee644f1da2a6001020f, Code: #test123
Name: 1, dtype: object, Reason: invalid code
ID: 66e03ee644f1da2a6001020f, Code: test-test
Name: 2, dtype: object, Reason: invalid code

--- Unmatched participants in folder: data/extracted\EMA_Girl_Father__בלי_שישי_שבת_ ---
ID: 66e03ee644f1da2a6001020f, Code: בדיקה בדיקה
Name: 2, dtype: object, Reason: invalid code
[FIXED CODE] Row 6: original=': #7340' -> cleaned='#7340'

--- Unmatched participants in folder: data/extracted\EMA_Girl_Mother ---
ID: 67ac91178eb0e335f94140d3, Code: girlm123
Name: 12, dtype: object, Reason: invalid code
ID: 66e03ee644f1da2a6001020f, Code: test-test
Name: 18, dtype: object, Reason: invalid code
[FIXED CODE] Row 26: original='7383' -> cleaned='#7383'

--- Unmatched participants in folder: data/extracted\EMA_Parent ---
ID: 66e03ee644f1da2a6001020f, Code: דוגמה דוגמה
Name: 0, dtype: object, Reason: invalid code
ID: 677a56f892b3eb66e20f7ea2, Code: נסיון
Name: 9, dtype: object, Reason: invalid code

--- Unmatched participants in folder: data/extracted\EMA_Boy_Father ---
ID: 67487b67cc103e20a98416f6, Code: #TEST345
Name: 0, dtype: object, Reason: invalid code
ID: 66e03ee644f1da2a6001020f, Code: #test123
Name: 1, dtype: object, Reason: invalid code
ID: 66e03ee644f1da2a6001020f, Code: test-test
Name: 2, dtype: object, Reason: invalid code

--- Unmatched participants in folder: data/extracted\EMA_Girl_Father__בלי_שישי_שבת_ ---
ID: 66e03ee644f1da2a6001020f, Code: בדיקה בדיקה
Name: 2, dtype: object, Reason: invalid code
[FIXED CODE] Row 6: original=': #7340' -> cleaned='#7340'

--- Unmatched participants in folder: data/extracted\EMA_Girl_Mother ---
ID: 67ac91178eb0e335f94140d3, Code: girlm123
Name: 12, dtype: object, Reason: invalid code
ID: 66e03ee644f1da2a6001020f, Code: test-test
Name: 18, dtype: object, Reason: invalid code
[FIXED CODE] Row 26: original='7383' -> cleaned='#7383'

--- Unmatched participants in folder: data/extracted\EMA_Parent ---
ID: 66e03ee644f1da2a6001020f, Code: דוגמה דוגמה
Name: 0, dtype: object, Reason: invalid code
ID: 677a56f892b3eb66e20f7ea2, Code: נסיון
Name: 9, dtype: object, Reason: invalid code

--- Unmatched participants in folder: data/extracted\EMA_Boy_Father ---
ID: 67487b67cc103e20a98416f6, Code: #TEST345
Name: 0, dtype: object, Reason: invalid code
ID: 66e03ee644f1da2a6001020f, Code: #test123
Name: 1, dtype: object, Reason: invalid code
ID: 66e03ee644f1da2a6001020f, Code: test-test
Name: 2, dtype: object, Reason: invalid code

--- Unmatched participants in folder: data/extracted\EMA_Girl_Father__בלי_שישי_שבת_ ---
ID: 66e03ee644f1da2a6001020f, Code: בדיקה בדיקה
Name: 2, dtype: object, Reason: invalid code
[FIXED CODE] Row 6: original=': #7340' -> cleaned='#7340'

--- Unmatched participants in folder: data/extracted\EMA_Girl_Mother ---
ID: 67ac91178eb0e335f94140d3, Code: girlm123
Name: 12, dtype: object, Reason: invalid code
ID: 66e03ee644f1da2a6001020f, Code: test-test
Name: 18, dtype: object, Reason: invalid code
[FIXED CODE] Row 26: original='7383' -> cleaned='#7383'

--- Unmatched participants in folder: data/extracted\EMA_Parent ---
ID: 66e03ee644f1da2a6001020f, Code: דוגמה דוגמה
Name: 0, dtype: object, Reason: invalid code
ID: 677a56f892b3eb66e20f7ea2, Code: נסיון
Name: 9, dtype: object, Reason: invalid code

--- Unmatched participants in folder: data/extracted\EMA_Boy_Father ---
ID: 67487b67cc103e20a98416f6, Code: #TEST345
Name: 0, dtype: object, Reason: invalid code
ID: 66e03ee644f1da2a6001020f, Code: #test123
Name: 1, dtype: object, Reason: invalid code
ID: 66e03ee644f1da2a6001020f, Code: test-test
Name: 2, dtype: object, Reason: invalid code

--- Unmatched participants in folder: data/extracted\EMA_Boy_Father ---
ID: 67487b67cc103e20a98416f6, Code: #TEST345
Name: 0, dtype: object, Reason: invalid code
ID: 66e03ee644f1da2a6001020f, Code: #test123
Name: 1, dtype: object, Reason: invalid code
ID: 66e03ee644f1da2a6001020f, Code: test-test
Name: 2, dtype: object, Reason: invalid code

--- Unmatched participants in folder: data/extracted\EMA_Girl_Father__בלי_שישי_שבת_ ---
ID: 66e03ee644f1da2a6001020f, Code: בדיקה בדיקה
Name: 2, dtype: object, Reason: invalid code
[FIXED CODE] Row 6: original=': #7340' -> cleaned='#7340'

--- Unmatched participants in folder: data/extracted\EMA_Girl_Mother ---
ID: 67ac91178eb0e335f94140d3, Code: girlm123
Name: 12, dtype: object, Reason: invalid code
ID: 66e03ee644f1da2a6001020f, Code: test-test
Name: 18, dtype: object, Reason: invalid code
[FIXED CODE] Row 26: original='7383' -> cleaned='#7383'

--- Unmatched participants in folder: data/extracted\EMA_Parent ---
ID: 66e03ee644f1da2a6001020f, Code: דוגמה דוגמה
Name: 0, dtype: object, Reason: invalid code
ID: 677a56f892b3eb66e20f7ea2, Code: נסיון
Name: 9, dtype: object, Reason: invalid code

--- Unmatched participants in folder: data/extracted\EMA_Boy_Father ---
ID: 67487b67cc103e20a98416f6, Code: #TEST345
Name: 0, dtype: object, Reason: invalid code
ID: 66e03ee644f1da2a6001020f, Code: #test123
Name: 1, dtype: object, Reason: invalid code
ID: 66e03ee644f1da2a6001020f, Code: test-test
Name: 2, dtype: object, Reason: invalid code

--- Unmatched participants in folder: data/extracted\EMA_Girl_Father__בלי_שישי_שבת_ ---
ID: 66e03ee644f1da2a6001020f, Code: בדיקה בדיקה
Name: 2, dtype: object, Reason: invalid code
[FIXED CODE] Row 6: original=': #7340' -> cleaned='#7340'

--- Unmatched participants in folder: data/extracted\EMA_Girl_Mother ---
ID: 67ac91178eb0e335f94140d3, Code: girlm123
Name: 12, dtype: object, Reason: invalid code
ID: 66e03ee644f1da2a6001020f, Code: test-test
Name: 18, dtype: object, Reason: invalid code
[FIXED CODE] Row 26: original='7383' -> cleaned='#7383'

--- Unmatched participants in folder: data/extracted\EMA_Parent ---
ID: 66e03ee644f1da2a6001020f, Code: דוגמה דוגמה
Name: 0, dtype: object, Reason: invalid code
ID: 677a56f892b3eb66e20f7ea2, Code: נסיון
Name: 9, dtype: object, Reason: invalid code

--- Unmatched participants in folder: data/extracted\EMA_Boy_Father ---
ID: 67487b67cc103e20a98416f6, Code: #TEST345
Name: 0, dtype: object, Reason: invalid code
ID: 66e03ee644f1da2a6001020f, Code: #test123
Name: 1, dtype: object, Reason: invalid code
ID: 66e03ee644f1da2a6001020f, Code: test-test
Name: 2, dtype: object, Reason: invalid code

--- Unmatched participants in folder: data/extracted\EMA_Girl_Father__בלי_שישי_שבת_ ---
ID: 66e03ee644f1da2a6001020f, Code: בדיקה בדיקה
Name: 2, dtype: object, Reason: invalid code
[FIXED CODE] Row 6: original=': #7340' -> cleaned='#7340'

--- Unmatched participants in folder: data/extracted\EMA_Girl_Mother ---
ID: 67ac91178eb0e335f94140d3, Code: girlm123
Name: 12, dtype: object, Reason: invalid code
ID: 66e03ee644f1da2a6001020f, Code: test-test
Name: 18, dtype: object, Reason: invalid code
[FIXED CODE] Row 26: original='7383' -> cleaned='#7383'

--- Unmatched participants in folder: data/extracted\EMA_Parent ---
ID: 66e03ee644f1da2a6001020f, Code: דוגמה דוגמה
Name: 0, dtype: object, Reason: invalid code
ID: 677a56f892b3eb66e20f7ea2, Code: נסיון
Name: 9, dtype: object, Reason: invalid code

--- Unmatched participants in folder: data/extracted\EMA_Boy_Father ---
ID: 67487b67cc103e20a98416f6, Code: #TEST345
Name: 0, dtype: object, Reason: invalid code
ID: 66e03ee644f1da2a6001020f, Code: #test123
Name: 1, dtype: object, Reason: invalid code
ID: 66e03ee644f1da2a6001020f, Code: test-test
Name: 2, dtype: object, Reason: invalid code

--- Unmatched participants in folder: data/extracted\EMA_Girl_Father__בלי_שישי_שבת_ ---
ID: 66e03ee644f1da2a6001020f, Code: בדיקה בדיקה
Name: 2, dtype: object, Reason: invalid code
[FIXED CODE] Row 6: original=': #7340' -> cleaned='#7340'

--- Unmatched participants in folder: data/extracted\EMA_Girl_Mother ---
ID: 67ac91178eb0e335f94140d3, Code: girlm123
Name: 12, dtype: object, Reason: invalid code
ID: 66e03ee644f1da2a6001020f, Code: test-test
Name: 18, dtype: object, Reason: invalid code
[FIXED CODE] Row 26: original='7383' -> cleaned='#7383'

--- Unmatched participants in folder: data/extracted\EMA_Parent ---
ID: 66e03ee644f1da2a6001020f, Code: דוגמה דוגמה
Name: 0, dtype: object, Reason: invalid code
ID: 677a56f892b3eb66e20f7ea2, Code: נסיון
Name: 9, dtype: object, Reason: invalid code

--- Unmatched participants in folder: data/extracted\EMA_Boy_Father ---
ID: 67487b67cc103e20a98416f6, Code: #TEST345
Name: 0, dtype: object, Reason: invalid code
ID: 66e03ee644f1da2a6001020f, Code: #test123
Name: 1, dtype: object, Reason: invalid code
ID: 66e03ee644f1da2a6001020f, Code: test-test
Name: 2, dtype: object, Reason: invalid code

--- Unmatched participants in folder: data/extracted\EMA_Girl_Father__בלי_שישי_שבת_ ---
ID: 66e03ee644f1da2a6001020f, Code: בדיקה בדיקה
Name: 2, dtype: object, Reason: invalid code
[FIXED CODE] Row 6: original=': #7340' -> cleaned='#7340'

--- Unmatched participants in folder: data/extracted\EMA_Girl_Mother ---
ID: 67ac91178eb0e335f94140d3, Code: girlm123
Name: 12, dtype: object, Reason: invalid code
ID: 66e03ee644f1da2a6001020f, Code: test-test
Name: 18, dtype: object, Reason: invalid code
[FIXED CODE] Row 26: original='7383' -> cleaned='#7383'

--- Unmatched participants in folder: data/extracted\EMA_Parent ---
ID: 66e03ee644f1da2a6001020f, Code: דוגמה דוגמה
Name: 0, dtype: object, Reason: invalid code
ID: 677a56f892b3eb66e20f7ea2, Code: נסיון
Name: 9, dtype: object, Reason: invalid code

--- Unmatched participants in folder: data/extracted\EMA_Boy_Father ---
ID: 67487b67cc103e20a98416f6, Code: #TEST345
Name: 0, dtype: object, Reason: invalid code
ID: 66e03ee644f1da2a6001020f, Code: #test123
Name: 1, dtype: object, Reason: invalid code
ID: 66e03ee644f1da2a6001020f, Code: test-test
Name: 2, dtype: object, Reason: invalid code

--- Unmatched participants in folder: data/extracted\EMA_Girl_Father__בלי_שישי_שבת_ ---
ID: 66e03ee644f1da2a6001020f, Code: בדיקה בדיקה
Name: 2, dtype: object, Reason: invalid code
[FIXED CODE] Row 6: original=': #7340' -> cleaned='#7340'

--- Unmatched participants in folder: data/extracted\EMA_Girl_Mother ---
ID: 67ac91178eb0e335f94140d3, Code: girlm123
Name: 12, dtype: object, Reason: invalid code
ID: 66e03ee644f1da2a6001020f, Code: test-test
Name: 18, dtype: object, Reason: invalid code
[FIXED CODE] Row 26: original='7383' -> cleaned='#7383'

--- Unmatched participants in folder: data/extracted\EMA_Parent ---
ID: 66e03ee644f1da2a6001020f, Code: דוגמה דוגמה
Name: 0, dtype: object, Reason: invalid code
ID: 677a56f892b3eb66e20f7ea2, Code: נסיון
Name: 9, dtype: object, Reason: invalid code

--- Unmatched participants in folder: data/extracted\EMA_Boy_Father ---
ID: 67487b67cc103e20a98416f6, Code: #TEST345
Name: 0, dtype: object, Reason: invalid code
ID: 66e03ee644f1da2a6001020f, Code: #test123
Name: 1, dtype: object, Reason: invalid code
ID: 66e03ee644f1da2a6001020f, Code: test-test
Name: 2, dtype: object, Reason: invalid code

--- Unmatched participants in folder: data/extracted\EMA_Girl_Father__בלי_שישי_שבת_ ---
ID: 66e03ee644f1da2a6001020f, Code: בדיקה בדיקה
Name: 2, dtype: object, Reason: invalid code
[FIXED CODE] Row 6: original=': #7340' -> cleaned='#7340'

--- Unmatched participants in folder: data/extracted\EMA_Girl_Mother ---
ID: 67ac91178eb0e335f94140d3, Code: girlm123
Name: 12, dtype: object, Reason: invalid code
ID: 66e03ee644f1da2a6001020f, Code: test-test
Name: 18, dtype: object, Reason: invalid code
[FIXED CODE] Row 26: original='7383' -> cleaned='#7383'

--- Unmatched participants in folder: data/extracted\EMA_Parent ---
ID: 66e03ee644f1da2a6001020f, Code: דוגמה דוגמה
Name: 0, dtype: object, Reason: invalid code
ID: 677a56f892b3eb66e20f7ea2, Code: נסיון
Name: 9, dtype: object, Reason: invalid code

--- Unmatched participants in folder: data/extracted\EMA_Boy_Father ---
ID: 67487b67cc103e20a98416f6, Code: #TEST345
Name: 0, dtype: object, Reason: invalid code
ID: 66e03ee644f1da2a6001020f, Code: #test123
Name: 1, dtype: object, Reason: invalid code
ID: 66e03ee644f1da2a6001020f, Code: test-test
Name: 2, dtype: object, Reason: invalid code

--- Unmatched participants in folder: data/extracted\EMA_Girl_Father__בלי_שישי_שבת_ ---
ID: 66e03ee644f1da2a6001020f, Code: בדיקה בדיקה
Name: 2, dtype: object, Reason: invalid code
[FIXED CODE] Row 6: original=': #7340' -> cleaned='#7340'

--- Unmatched participants in folder: data/extracted\EMA_Girl_Mother ---
ID: 67ac91178eb0e335f94140d3, Code: girlm123
Name: 12, dtype: object, Reason: invalid code
ID: 66e03ee644f1da2a6001020f, Code: test-test
Name: 18, dtype: object, Reason: invalid code
[FIXED CODE] Row 26: original='7383' -> cleaned='#7383'

--- Unmatched participants in folder: data/extracted\EMA_Parent ---
ID: 66e03ee644f1da2a6001020f, Code: דוגמה דוגמה
Name: 0, dtype: object, Reason: invalid code
ID: 677a56f892b3eb66e20f7ea2, Code: נסיון
Name: 9, dtype: object, Reason: invalid code

--- Unmatched participants in folder: data/extracted\EMA_Boy_Father ---
ID: 67487b67cc103e20a98416f6, Code: #TEST345
Name: 0, dtype: object, Reason: invalid code
ID: 66e03ee644f1da2a6001020f, Code: #test123
Name: 1, dtype: object, Reason: invalid code
ID: 66e03ee644f1da2a6001020f, Code: test-test
Name: 2, dtype: object, Reason: invalid code

--- Unmatched participants in folder: data/extracted\EMA_Girl_Father__בלי_שישי_שבת_ ---
ID: 66e03ee644f1da2a6001020f, Code: בדיקה בדיקה
Name: 2, dtype: object, Reason: invalid code
[FIXED CODE] Row 6: original=': #7340' -> cleaned='#7340'

--- Unmatched participants in folder: data/extracted\EMA_Girl_Mother ---
ID: 67ac91178eb0e335f94140d3, Code: girlm123
Name: 12, dtype: object, Reason: invalid code
ID: 66e03ee644f1da2a6001020f, Code: test-test
Name: 18, dtype: object, Reason: invalid code
[FIXED CODE] Row 26: original='7383' -> cleaned='#7383'

--- Unmatched participants in folder: data/extracted\EMA_Parent ---
ID: 66e03ee644f1da2a6001020f, Code: דוגמה דוגמה
Name: 0, dtype: object, Reason: invalid code
ID: 677a56f892b3eb66e20f7ea2, Code: נסיון
Name: 9, dtype: object, Reason: invalid code

--- Unmatched participants in folder: data/extracted\EMA_Boy_Father ---
ID: 67487b67cc103e20a98416f6, Code: #TEST345
Name: 0, dtype: object, Reason: invalid code
ID: 66e03ee644f1da2a6001020f, Code: #test123
Name: 1, dtype: object, Reason: invalid code
ID: 66e03ee644f1da2a6001020f, Code: test-test
Name: 2, dtype: object, Reason: invalid code

--- Unmatched participants in folder: data/extracted\EMA_Girl_Father__בלי_שישי_שבת_ ---
ID: 66e03ee644f1da2a6001020f, Code: בדיקה בדיקה
Name: 2, dtype: object, Reason: invalid code
[FIXED CODE] Row 6: original=': #7340' -> cleaned='#7340'

--- Unmatched participants in folder: data/extracted\EMA_Girl_Mother ---
ID: 67ac91178eb0e335f94140d3, Code: girlm123
Name: 12, dtype: object, Reason: invalid code
ID: 66e03ee644f1da2a6001020f, Code: test-test
Name: 18, dtype: object, Reason: invalid code
[FIXED CODE] Row 26: original='7383' -> cleaned='#7383'

--- Unmatched participants in folder: data/extracted\EMA_Parent ---
ID: 66e03ee644f1da2a6001020f, Code: דוגמה דוגמה
Name: 0, dtype: object, Reason: invalid code
ID: 677a56f892b3eb66e20f7ea2, Code: נסיון
Name: 9, dtype: object, Reason: invalid code

--- Unmatched participants in folder: data/extracted\EMA_Boy_Father ---
ID: 67487b67cc103e20a98416f6, Code: #TEST345
Name: 0, dtype: object, Reason: invalid code
ID: 66e03ee644f1da2a6001020f, Code: #test123
Name: 1, dtype: object, Reason: invalid code
ID: 66e03ee644f1da2a6001020f, Code: test-test
Name: 2, dtype: object, Reason: invalid code

--- Unmatched participants in folder: data/extracted\EMA_Girl_Father__בלי_שישי_שבת_ ---
ID: 66e03ee644f1da2a6001020f, Code: בדיקה בדיקה
Name: 2, dtype: object, Reason: invalid code
[FIXED CODE] Row 6: original=': #7340' -> cleaned='#7340'

--- Unmatched participants in folder: data/extracted\EMA_Girl_Mother ---
ID: 67ac91178eb0e335f94140d3, Code: girlm123
Name: 12, dtype: object, Reason: invalid code
ID: 66e03ee644f1da2a6001020f, Code: test-test
Name: 18, dtype: object, Reason: invalid code
[FIXED CODE] Row 26: original='7383' -> cleaned='#7383'

--- Unmatched participants in folder: data/extracted\EMA_Parent ---
ID: 66e03ee644f1da2a6001020f, Code: דוגמה דוגמה
Name: 0, dtype: object, Reason: invalid code
ID: 677a56f892b3eb66e20f7ea2, Code: נסיון
Name: 9, dtype: object, Reason: invalid code

--- Unmatched participants in folder: data/extracted\EMA_Boy_Father ---
ID: 67487b67cc103e20a98416f6, Code: #TEST345
Name: 0, dtype: object, Reason: invalid code
ID: 66e03ee644f1da2a6001020f, Code: #test123
Name: 1, dtype: object, Reason: invalid code
ID: 66e03ee644f1da2a6001020f, Code: test-test
Name: 2, dtype: object, Reason: invalid code

--- Unmatched participants in folder: data/extracted\EMA_Girl_Father__בלי_שישי_שבת_ ---
ID: 66e03ee644f1da2a6001020f, Code: בדיקה בדיקה
Name: 2, dtype: object, Reason: invalid code
[FIXED CODE] Row 6: original=': #7340' -> cleaned='#7340'

--- Unmatched participants in folder: data/extracted\EMA_Girl_Mother ---
ID: 67ac91178eb0e335f94140d3, Code: girlm123
Name: 12, dtype: object, Reason: invalid code
ID: 66e03ee644f1da2a6001020f, Code: test-test
Name: 18, dtype: object, Reason: invalid code
[FIXED CODE] Row 26: original='7383' -> cleaned='#7383'

--- Unmatched participants in folder: data/extracted\EMA_Parent ---
ID: 66e03ee644f1da2a6001020f, Code: דוגמה דוגמה
Name: 0, dtype: object, Reason: invalid code
ID: 677a56f892b3eb66e20f7ea2, Code: נסיון
Name: 9, dtype: object, Reason: invalid code

--- Unmatched participants in folder: data/extracted\EMA_Boy_Father ---
ID: 67487b67cc103e20a98416f6, Code: #TEST345
Name: 0, dtype: object, Reason: invalid code
ID: 66e03ee644f1da2a6001020f, Code: #test123
Name: 1, dtype: object, Reason: invalid code
ID: 66e03ee644f1da2a6001020f, Code: test-test
Name: 2, dtype: object, Reason: invalid code

--- Unmatched participants in folder: data/extracted\EMA_Girl_Father__בלי_שישי_שבת_ ---
ID: 66e03ee644f1da2a6001020f, Code: בדיקה בדיקה
Name: 2, dtype: object, Reason: invalid code
[FIXED CODE] Row 6: original=': #7340' -> cleaned='#7340'

--- Unmatched participants in folder: data/extracted\EMA_Girl_Mother ---
ID: 67ac91178eb0e335f94140d3, Code: girlm123
Name: 12, dtype: object, Reason: invalid code
ID: 66e03ee644f1da2a6001020f, Code: test-test
Name: 18, dtype: object, Reason: invalid code
[FIXED CODE] Row 26: original='7383' -> cleaned='#7383'

--- Unmatched participants in folder: data/extracted\EMA_Parent ---
ID: 66e03ee644f1da2a6001020f, Code: דוגמה דוגמה
Name: 0, dtype: object, Reason: invalid code
ID: 677a56f892b3eb66e20f7ea2, Code: נסיון
Name: 9, dtype: object, Reason: invalid code

--- Unmatched participants in folder: data/extracted\EMA_Boy_Father ---
ID: 67487b67cc103e20a98416f6, Code: #TEST345
Name: 0, dtype: object, Reason: invalid code
ID: 66e03ee644f1da2a6001020f, Code: #test123
Name: 1, dtype: object, Reason: invalid code
ID: 66e03ee644f1da2a6001020f, Code: test-test
Name: 2, dtype: object, Reason: invalid code

--- Unmatched participants in folder: data/extracted\EMA_Girl_Father__בלי_שישי_שבת_ ---
ID: 66e03ee644f1da2a6001020f, Code: בדיקה בדיקה
Name: 2, dtype: object, Reason: invalid code
[FIXED CODE] Row 6: original=': #7340' -> cleaned='#7340'

--- Unmatched participants in folder: data/extracted\EMA_Girl_Mother ---
ID: 67ac91178eb0e335f94140d3, Code: girlm123
Name: 12, dtype: object, Reason: invalid code
ID: 66e03ee644f1da2a6001020f, Code: test-test
Name: 18, dtype: object, Reason: invalid code
[FIXED CODE] Row 26: original='7383' -> cleaned='#7383'

--- Unmatched participants in folder: data/extracted\EMA_Parent ---
ID: 66e03ee644f1da2a6001020f, Code: דוגמה דוגמה
Name: 0, dtype: object, Reason: invalid code
ID: 677a56f892b3eb66e20f7ea2, Code: נסיון
Name: 9, dtype: object, Reason: invalid code

--- Unmatched participants in folder: data/extracted\EMA_Boy_Father ---
ID: 67487b67cc103e20a98416f6, Code: #TEST345
Name: 0, dtype: object, Reason: invalid code
ID: 66e03ee644f1da2a6001020f, Code: #test123
Name: 1, dtype: object, Reason: invalid code
ID: 66e03ee644f1da2a6001020f, Code: test-test
Name: 2, dtype: object, Reason: invalid code

--- Unmatched participants in folder: data/extracted\EMA_Girl_Father__בלי_שישי_שבת_ ---
ID: 66e03ee644f1da2a6001020f, Code: בדיקה בדיקה
Name: 2, dtype: object, Reason: invalid code
[FIXED CODE] Row 6: original=': #7340' -> cleaned='#7340'

--- Unmatched participants in folder: data/extracted\EMA_Girl_Mother ---
ID: 67ac91178eb0e335f94140d3, Code: girlm123
Name: 12, dtype: object, Reason: invalid code
ID: 66e03ee644f1da2a6001020f, Code: test-test
Name: 18, dtype: object, Reason: invalid code
[FIXED CODE] Row 26: original='7383' -> cleaned='#7383'

--- Unmatched participants in folder: data/extracted\EMA_Parent ---
ID: 66e03ee644f1da2a6001020f, Code: דוגמה דוגמה
Name: 0, dtype: object, Reason: invalid code
ID: 677a56f892b3eb66e20f7ea2, Code: נסיון
Name: 9, dtype: object, Reason: invalid code

--- Unmatched participants in folder: data/extracted\EMA_Boy_Father ---
ID: 67487b67cc103e20a98416f6, Code: #TEST345
Name: 0, dtype: object, Reason: invalid code
ID: 66e03ee644f1da2a6001020f, Code: #test123
Name: 1, dtype: object, Reason: invalid code
ID: 66e03ee644f1da2a6001020f, Code: test-test
Name: 2, dtype: object, Reason: invalid code

--- Unmatched participants in folder: data/extracted\EMA_Girl_Father__בלי_שישי_שבת_ ---
ID: 66e03ee644f1da2a6001020f, Code: בדיקה בדיקה
Name: 2, dtype: object, Reason: invalid code
[FIXED CODE] Row 6: original=': #7340' -> cleaned='#7340'

--- Unmatched participants in folder: data/extracted\EMA_Girl_Mother ---
ID: 67ac91178eb0e335f94140d3, Code: girlm123
Name: 12, dtype: object, Reason: invalid code
ID: 66e03ee644f1da2a6001020f, Code: test-test
Name: 18, dtype: object, Reason: invalid code
[FIXED CODE] Row 26: original='7383' -> cleaned='#7383'

--- Unmatched participants in folder: data/extracted\EMA_Parent ---
ID: 66e03ee644f1da2a6001020f, Code: דוגמה דוגמה
Name: 0, dtype: object, Reason: invalid code
ID: 677a56f892b3eb66e20f7ea2, Code: נסיון
Name: 9, dtype: object, Reason: invalid code

--- Unmatched participants in folder: data/extracted\EMA_Boy_Father ---
ID: 67487b67cc103e20a98416f6, Code: #TEST345
Name: 0, dtype: object, Reason: invalid code
ID: 66e03ee644f1da2a6001020f, Code: #test123
Name: 1, dtype: object, Reason: invalid code
ID: 66e03ee644f1da2a6001020f, Code: test-test
Name: 2, dtype: object, Reason: invalid code

--- Unmatched participants in folder: data/extracted\EMA_Girl_Father__בלי_שישי_שבת_ ---
ID: 66e03ee644f1da2a6001020f, Code: בדיקה בדיקה
Name: 2, dtype: object, Reason: invalid code
[FIXED CODE] Row 6: original=': #7340' -> cleaned='#7340'

--- Unmatched participants in folder: data/extracted\EMA_Girl_Mother ---
ID: 67ac91178eb0e335f94140d3, Code: girlm123
Name: 12, dtype: object, Reason: invalid code
ID: 66e03ee644f1da2a6001020f, Code: test-test
Name: 18, dtype: object, Reason: invalid code
[FIXED CODE] Row 26: original='7383' -> cleaned='#7383'

--- Unmatched participants in folder: data/extracted\EMA_Parent ---
ID: 66e03ee644f1da2a6001020f, Code: דוגמה דוגמה
Name: 0, dtype: object, Reason: invalid code
ID: 677a56f892b3eb66e20f7ea2, Code: נסיון
Name: 9, dtype: object, Reason: invalid code

--- Unmatched participants in folder: data/extracted\EMA_Boy_Father ---
ID: 67487b67cc103e20a98416f6, Code: #TEST345
Name: 0, dtype: object, Reason: invalid code
ID: 66e03ee644f1da2a6001020f, Code: #test123
Name: 1, dtype: object, Reason: invalid code
ID: 66e03ee644f1da2a6001020f, Code: test-test
Name: 2, dtype: object, Reason: invalid code

--- Unmatched participants in folder: data/extracted\EMA_Girl_Father__בלי_שישי_שבת_ ---
ID: 66e03ee644f1da2a6001020f, Code: בדיקה בדיקה
Name: 2, dtype: object, Reason: invalid code
[FIXED CODE] Row 6: original=': #7340' -> cleaned='#7340'

--- Unmatched participants in folder: data/extracted\EMA_Girl_Mother ---
ID: 67ac91178eb0e335f94140d3, Code: girlm123
Name: 12, dtype: object, Reason: invalid code
ID: 66e03ee644f1da2a6001020f, Code: test-test
Name: 18, dtype: object, Reason: invalid code
[FIXED CODE] Row 26: original='7383' -> cleaned='#7383'

--- Unmatched participants in folder: data/extracted\EMA_Parent ---
ID: 66e03ee644f1da2a6001020f, Code: דוגמה דוגמה
Name: 0, dtype: object, Reason: invalid code
ID: 677a56f892b3eb66e20f7ea2, Code: נסיון
Name: 9, dtype: object, Reason: invalid code

--- Unmatched participants in folder: data/extracted\EMA_Boy_Father ---
ID: 67487b67cc103e20a98416f6, Code: #TEST345
Name: 0, dtype: object, Reason: invalid code
ID: 66e03ee644f1da2a6001020f, Code: #test123
Name: 1, dtype: object, Reason: invalid code
ID: 66e03ee644f1da2a6001020f, Code: test-test
Name: 2, dtype: object, Reason: invalid code

--- Unmatched participants in folder: data/extracted\EMA_Girl_Father__בלי_שישי_שבת_ ---
ID: 66e03ee644f1da2a6001020f, Code: בדיקה בדיקה
Name: 2, dtype: object, Reason: invalid code
[FIXED CODE] Row 6: original=': #7340' -> cleaned='#7340'

--- Unmatched participants in folder: data/extracted\EMA_Girl_Mother ---
ID: 67ac91178eb0e335f94140d3, Code: girlm123
Name: 12, dtype: object, Reason: invalid code
ID: 66e03ee644f1da2a6001020f, Code: test-test
Name: 18, dtype: object, Reason: invalid code
[FIXED CODE] Row 26: original='7383' -> cleaned='#7383'

--- Unmatched participants in folder: data/extracted\EMA_Parent ---
ID: 66e03ee644f1da2a6001020f, Code: דוגמה דוגמה
Name: 0, dtype: object, Reason: invalid code
ID: 677a56f892b3eb66e20f7ea2, Code: נסיון
Name: 9, dtype: object, Reason: invalid code

--- Unmatched participants in folder: data/extracted\EMA_Boy_Father ---
ID: 67487b67cc103e20a98416f6, Code: #TEST345
Name: 0, dtype: object, Reason: invalid code
ID: 66e03ee644f1da2a6001020f, Code: #test123
Name: 1, dtype: object, Reason: invalid code
ID: 66e03ee644f1da2a6001020f, Code: test-test
Name: 2, dtype: object, Reason: invalid code

--- Unmatched participants in folder: data/extracted\EMA_Girl_Father__בלי_שישי_שבת_ ---
ID: 66e03ee644f1da2a6001020f, Code: בדיקה בדיקה
Name: 2, dtype: object, Reason: invalid code
[FIXED CODE] Row 6: original=': #7340' -> cleaned='#7340'

--- Unmatched participants in folder: data/extracted\EMA_Girl_Mother ---
ID: 67ac91178eb0e335f94140d3, Code: girlm123
Name: 12, dtype: object, Reason: invalid code
ID: 66e03ee644f1da2a6001020f, Code: test-test
Name: 18, dtype: object, Reason: invalid code
[FIXED CODE] Row 26: original='7383' -> cleaned='#7383'

--- Unmatched participants in folder: data/extracted\EMA_Parent ---
ID: 66e03ee644f1da2a6001020f, Code: דוגמה דוגמה
Name: 0, dtype: object, Reason: invalid code
ID: 677a56f892b3eb66e20f7ea2, Code: נסיון
Name: 9, dtype: object, Reason: invalid code

--- Unmatched participants in folder: data/extracted\EMA_Boy_Father ---
ID: 67487b67cc103e20a98416f6, Code: #TEST345
Name: 0, dtype: object, Reason: invalid code
ID: 66e03ee644f1da2a6001020f, Code: #test123
Name: 1, dtype: object, Reason: invalid code
ID: 66e03ee644f1da2a6001020f, Code: test-test
Name: 2, dtype: object, Reason: invalid code

--- Unmatched participants in folder: data/extracted\EMA_Girl_Father__בלי_שישי_שבת_ ---
ID: 66e03ee644f1da2a6001020f, Code: בדיקה בדיקה
Name: 2, dtype: object, Reason: invalid code
[FIXED CODE] Row 6: original=': #7340' -> cleaned='#7340'

--- Unmatched participants in folder: data/extracted\EMA_Girl_Mother ---
ID: 67ac91178eb0e335f94140d3, Code: girlm123
Name: 12, dtype: object, Reason: invalid code
ID: 66e03ee644f1da2a6001020f, Code: test-test
Name: 18, dtype: object, Reason: invalid code
[FIXED CODE] Row 26: original='7383' -> cleaned='#7383'

--- Unmatched participants in folder: data/extracted\EMA_Parent ---
ID: 66e03ee644f1da2a6001020f, Code: דוגמה דוגמה
Name: 0, dtype: object, Reason: invalid code
ID: 677a56f892b3eb66e20f7ea2, Code: נסיון
Name: 9, dtype: object, Reason: invalid code

--- Unmatched participants in folder: data/extracted\EMA_Boy_Father ---
ID: 67487b67cc103e20a98416f6, Code: #TEST345
Name: 0, dtype: object, Reason: invalid code
ID: 66e03ee644f1da2a6001020f, Code: #test123
Name: 1, dtype: object, Reason: invalid code
ID: 66e03ee644f1da2a6001020f, Code: test-test
Name: 2, dtype: object, Reason: invalid code

--- Unmatched participants in folder: data/extracted\EMA_Girl_Father__בלי_שישי_שבת_ ---
ID: 66e03ee644f1da2a6001020f, Code: בדיקה בדיקה
Name: 2, dtype: object, Reason: invalid code
[FIXED CODE] Row 6: original=': #7340' -> cleaned='#7340'

--- Unmatched participants in folder: data/extracted\EMA_Girl_Mother ---
ID: 67ac91178eb0e335f94140d3, Code: girlm123
Name: 12, dtype: object, Reason: invalid code
ID: 66e03ee644f1da2a6001020f, Code: test-test
Name: 18, dtype: object, Reason: invalid code
[FIXED CODE] Row 26: original='7383' -> cleaned='#7383'

--- Unmatched participants in folder: data/extracted\EMA_Parent ---
ID: 66e03ee644f1da2a6001020f, Code: דוגמה דוגמה
Name: 0, dtype: object, Reason: invalid code
ID: 677a56f892b3eb66e20f7ea2, Code: נסיון
Name: 9, dtype: object, Reason: invalid code

--- Unmatched participants in folder: data/extracted\EMA_Boy_Father ---
ID: 67487b67cc103e20a98416f6, Code: #TEST345
Name: 0, dtype: object, Reason: invalid code
ID: 66e03ee644f1da2a6001020f, Code: #test123
Name: 1, dtype: object, Reason: invalid code
ID: 66e03ee644f1da2a6001020f, Code: test-test
Name: 2, dtype: object, Reason: invalid code

--- Unmatched participants in folder: data/extracted\EMA_Girl_Father__בלי_שישי_שבת_ ---
ID: 66e03ee644f1da2a6001020f, Code: בדיקה בדיקה
Name: 2, dtype: object, Reason: invalid code
[FIXED CODE] Row 6: original=': #7340' -> cleaned='#7340'

--- Unmatched participants in folder: data/extracted\EMA_Girl_Mother ---
ID: 67ac91178eb0e335f94140d3, Code: girlm123
Name: 12, dtype: object, Reason: invalid code
ID: 66e03ee644f1da2a6001020f, Code: test-test
Name: 18, dtype: object, Reason: invalid code
[FIXED CODE] Row 26: original='7383' -> cleaned='#7383'

--- Unmatched participants in folder: data/extracted\EMA_Parent ---
ID: 66e03ee644f1da2a6001020f, Code: דוגמה דוגמה
Name: 0, dtype: object, Reason: invalid code
ID: 677a56f892b3eb66e20f7ea2, Code: נסיון
Name: 9, dtype: object, Reason: invalid code

--- Unmatched participants in folder: data/extracted\EMA_Boy_Father ---
ID: 67487b67cc103e20a98416f6, Code: #TEST345
Name: 0, dtype: object, Reason: invalid code
ID: 66e03ee644f1da2a6001020f, Code: #test123
Name: 1, dtype: object, Reason: invalid code
ID: 66e03ee644f1da2a6001020f, Code: test-test
Name: 2, dtype: object, Reason: invalid code

--- Unmatched participants in folder: data/extracted\EMA_Girl_Father__בלי_שישי_שבת_ ---
ID: 66e03ee644f1da2a6001020f, Code: בדיקה בדיקה
Name: 2, dtype: object, Reason: invalid code
[FIXED CODE] Row 6: original=': #7340' -> cleaned='#7340'

--- Unmatched participants in folder: data/extracted\EMA_Girl_Mother ---
ID: 67ac91178eb0e335f94140d3, Code: girlm123
Name: 12, dtype: object, Reason: invalid code
ID: 66e03ee644f1da2a6001020f, Code: test-test
Name: 18, dtype: object, Reason: invalid code
[FIXED CODE] Row 26: original='7383' -> cleaned='#7383'

--- Unmatched participants in folder: data/extracted\EMA_Parent ---
ID: 66e03ee644f1da2a6001020f, Code: דוגמה דוגמה
Name: 0, dtype: object, Reason: invalid code
ID: 677a56f892b3eb66e20f7ea2, Code: נסיון
Name: 9, dtype: object, Reason: invalid code

--- Unmatched participants in folder: data/extracted\EMA_Boy_Father ---
ID: 67487b67cc103e20a98416f6, Code: #TEST345
Name: 0, dtype: object, Reason: invalid code
ID: 66e03ee644f1da2a6001020f, Code: #test123
Name: 1, dtype: object, Reason: invalid code
ID: 66e03ee644f1da2a6001020f, Code: test-test
Name: 2, dtype: object, Reason: invalid code

--- Unmatched participants in folder: data/extracted\EMA_Girl_Father__בלי_שישי_שבת_ ---
ID: 66e03ee644f1da2a6001020f, Code: בדיקה בדיקה
Name: 2, dtype: object, Reason: invalid code
[FIXED CODE] Row 6: original=': #7340' -> cleaned='#7340'

--- Unmatched participants in folder: data/extracted\EMA_Girl_Mother ---
ID: 67ac91178eb0e335f94140d3, Code: girlm123
Name: 12, dtype: object, Reason: invalid code
ID: 66e03ee644f1da2a6001020f, Code: test-test
Name: 18, dtype: object, Reason: invalid code
[FIXED CODE] Row 26: original='7383' -> cleaned='#7383'

--- Unmatched participants in folder: data/extracted\EMA_Parent ---
ID: 66e03ee644f1da2a6001020f, Code: דוגמה דוגמה
Name: 0, dtype: object, Reason: invalid code
ID: 677a56f892b3eb66e20f7ea2, Code: נסיון
Name: 9, dtype: object, Reason: invalid code

--- Unmatched participants in folder: data/extracted\EMA_Boy_Father ---
ID: 67487b67cc103e20a98416f6, Code: #TEST345
Name: 0, dtype: object, Reason: invalid code
ID: 66e03ee644f1da2a6001020f, Code: #test123
Name: 1, dtype: object, Reason: invalid code
ID: 66e03ee644f1da2a6001020f, Code: test-test
Name: 2, dtype: object, Reason: invalid code

--- Unmatched participants in folder: data/extracted\EMA_Girl_Father__בלי_שישי_שבת_ ---
ID: 66e03ee644f1da2a6001020f, Code: בדיקה בדיקה
Name: 2, dtype: object, Reason: invalid code
[FIXED CODE] Row 6: original=': #7340' -> cleaned='#7340'

--- Unmatched participants in folder: data/extracted\EMA_Girl_Mother ---
ID: 67ac91178eb0e335f94140d3, Code: girlm123
Name: 12, dtype: object, Reason: invalid code
ID: 66e03ee644f1da2a6001020f, Code: test-test
Name: 18, dtype: object, Reason: invalid code
[FIXED CODE] Row 26: original='7383' -> cleaned='#7383'

--- Unmatched participants in folder: data/extracted\EMA_Parent ---
ID: 66e03ee644f1da2a6001020f, Code: דוגמה דוגמה
Name: 0, dtype: object, Reason: invalid code
ID: 677a56f892b3eb66e20f7ea2, Code: נסיון
Name: 9, dtype: object, Reason: invalid code
