2025-05-17 10:20:50,551 - WARNING - --- Unmatched participants in folder: data/extracted\EMA_Boy_Father ---
2025-05-17 10:20:50,552 - WARNING - ID: 67487b67cc103e20a98416f6, Code: #TEST345
Name: 0, dtype: object, Reason: invalid code
2025-05-17 10:20:50,552 - WARNING - ID: 66e03ee644f1da2a6001020f, Code: #test123
Name: 1, dtype: object, Reason: invalid code
2025-05-17 10:20:50,553 - WARNING - ID: 66e03ee644f1da2a6001020f, Code: test-test
Name: 2, dtype: object, Reason: invalid code
2025-05-17 10:20:50,614 - WARNING - --- Unmatched participants in folder: data/extracted\EMA_Boy_Father__בלי_שישי_שבת_ ---
2025-05-17 10:20:50,676 - WARNING - --- Unmatched participants in folder: data/extracted\EMA_Boy_Mother ---
2025-05-17 10:20:50,777 - WARNING - --- Unmatched participants in folder: data/extracted\EMA_Boy_Mother__בלי_שישי_שבת_ ---
2025-05-17 10:20:50,839 - WARNING - --- Unmatched participants in folder: data/extracted\EMA_Girl_Father ---
2025-05-17 10:20:50,903 - WARNING - --- Unmatched participants in folder: data/extracted\EMA_Girl_Father__בלי_שישי_שבת_ ---
2025-05-17 10:20:50,904 - WARNING - ID: 66e03ee644f1da2a6001020f, Code: בדיקה בדיקה
Name: 2, dtype: object, Reason: invalid code
2025-05-17 10:20:50,961 - WARNING - [FIXED CODE] Row 6: original=': #7340' -> cleaned='#7340'
2025-05-17 10:20:50,963 - WARNING - --- Unmatched participants in folder: data/extracted\EMA_Girl_Mother ---
2025-05-17 10:20:50,964 - WARNING - ID: 67ac91178eb0e335f94140d3, Code: girlm123
Name: 12, dtype: object, Reason: invalid code
2025-05-17 10:20:50,965 - WARNING - ID: 66e03ee644f1da2a6001020f, Code: test-test
Name: 18, dtype: object, Reason: invalid code
2025-05-17 10:20:51,084 - WARNING - --- Unmatched participants in folder: data/extracted\EMA_Girl_Mother__בלי_שישי_שבת_ ---
2025-05-17 10:20:51,158 - WARNING - [FIXED CODE] Row 26: original='7383' -> cleaned='#7383'
2025-05-17 10:20:51,160 - WARNING - --- Unmatched participants in folder: data/extracted\EMA_Parent ---
2025-05-17 10:20:51,161 - WARNING - ID: 66e03ee644f1da2a6001020f, Code: דוגמה דוגמה
Name: 0, dtype: object, Reason: invalid code
2025-05-17 10:20:51,162 - WARNING - ID: 677a56f892b3eb66e20f7ea2, Code: נסיון
Name: 9, dtype: object, Reason: invalid code
2025-05-17 10:20:51,341 - WARNING - --- Unmatched participants in folder: data/extracted\EMA_Parent__בלי_שישי_שבת_ ---
