2025-05-27 23:14:04,155 - WARNING - --- Unmatched questions in file: סקר_ילדאבא-בוקר.csv ---
2025-05-27 23:14:04,155 - WARNING - Unmatched: '' -> Option: 'None'
2025-05-27 23:14:04,155 - WARNING - Unmatched: '' -> Option: 'None'
2025-05-27 23:14:04,155 - WARNING - Unmatched: '' -> Option: 'None'
2025-05-27 23:14:04,155 - WARNING - Unmatched: '' -> Option: 'None'
2025-05-27 23:14:04,155 - WARNING - Unmatched: '' -> Option: 'None'
2025-05-27 23:14:04,155 - WARNING - Unmatched: '' -> Option: 'None'
2025-05-27 23:14:04,155 - WARNING - Unmatched: '' -> Option: 'None'
2025-05-27 23:14:04,155 - WARNING - Unmatched: '' -> Option: 'None'
2025-05-27 23:14:04,155 - WARNING - Unmatched: '' -> Option: 'None'
2025-05-27 23:14:04,155 - WARNING - Unmatched: '' -> Option: 'None'
2025-05-27 23:14:04,155 - WARNING - Unmatched: '' -> Option: 'None'
2025-05-27 23:14:04,155 - WARNING - Unmatched: '' -> Option: 'None'
2025-05-27 23:14:04,155 - WARNING - Unmatched: '' -> Option: 'None'
2025-05-27 23:14:04,155 - WARNING - Unmatched: 'Question Text' -> Option: 'None'
2025-05-27 23:14:04,174 - WARNING - --- Unmatched questions in file: סקר_ילדאבא-ערב.csv ---
2025-05-27 23:14:04,175 - WARNING - Unmatched: '' -> Option: 'None'
2025-05-27 23:14:04,175 - WARNING - Unmatched: '' -> Option: 'None'
2025-05-27 23:14:04,175 - WARNING - Unmatched: '' -> Option: 'None'
2025-05-27 23:14:04,175 - WARNING - Unmatched: '' -> Option: 'None'
2025-05-27 23:14:04,175 - WARNING - Unmatched: '' -> Option: 'None'
2025-05-27 23:14:04,175 - WARNING - Unmatched: '' -> Option: 'None'
2025-05-27 23:14:04,175 - WARNING - Unmatched: '' -> Option: 'None'
2025-05-27 23:14:04,175 - WARNING - Unmatched: '' -> Option: 'None'
2025-05-27 23:14:04,175 - WARNING - Unmatched: '' -> Option: 'None'
2025-05-27 23:14:04,175 - WARNING - Unmatched: '' -> Option: 'None'
2025-05-27 23:14:04,175 - WARNING - Unmatched: '' -> Option: 'None'
2025-05-27 23:14:04,175 - WARNING - Unmatched: '' -> Option: 'None'
2025-05-27 23:14:04,175 - WARNING - Unmatched: '' -> Option: 'None'
2025-05-27 23:14:04,175 - WARNING - Unmatched: 'Question Text' -> Option: 'None'
2025-05-27 23:14:04,175 - WARNING - Unmatched: 'מזכירים לשחק גם במשחק' -> Option: 'None'
2025-05-27 23:14:04,217 - WARNING - --- Unmatched questions in file: סקר_ילדאבא-בוקר.csv ---
2025-05-27 23:14:04,217 - WARNING - Unmatched: '' -> Option: 'None'
2025-05-27 23:14:04,217 - WARNING - Unmatched: '' -> Option: 'None'
2025-05-27 23:14:04,217 - WARNING - Unmatched: '' -> Option: 'None'
2025-05-27 23:14:04,217 - WARNING - Unmatched: '' -> Option: 'None'
2025-05-27 23:14:04,217 - WARNING - Unmatched: '' -> Option: 'None'
2025-05-27 23:14:04,217 - WARNING - Unmatched: '' -> Option: 'None'
2025-05-27 23:14:04,217 - WARNING - Unmatched: '' -> Option: 'None'
2025-05-27 23:14:04,217 - WARNING - Unmatched: '' -> Option: 'None'
2025-05-27 23:14:04,217 - WARNING - Unmatched: '' -> Option: 'None'
2025-05-27 23:14:04,217 - WARNING - Unmatched: '' -> Option: 'None'
2025-05-27 23:14:04,217 - WARNING - Unmatched: '' -> Option: 'None'
2025-05-27 23:14:04,217 - WARNING - Unmatched: '' -> Option: 'None'
2025-05-27 23:14:04,217 - WARNING - Unmatched: '' -> Option: 'None'
2025-05-27 23:14:04,217 - WARNING - Unmatched: 'Question Text' -> Option: 'None'
2025-05-27 23:14:04,235 - WARNING - --- Unmatched questions in file: סקר_ילדאבא-ערב.csv ---
2025-05-27 23:14:04,236 - WARNING - Unmatched: '' -> Option: 'None'
2025-05-27 23:14:04,236 - WARNING - Unmatched: '' -> Option: 'None'
2025-05-27 23:14:04,236 - WARNING - Unmatched: '' -> Option: 'None'
2025-05-27 23:14:04,236 - WARNING - Unmatched: '' -> Option: 'None'
2025-05-27 23:14:04,236 - WARNING - Unmatched: '' -> Option: 'None'
2025-05-27 23:14:04,236 - WARNING - Unmatched: '' -> Option: 'None'
2025-05-27 23:14:04,236 - WARNING - Unmatched: '' -> Option: 'None'
2025-05-27 23:14:04,236 - WARNING - Unmatched: '' -> Option: 'None'
2025-05-27 23:14:04,236 - WARNING - Unmatched: '' -> Option: 'None'
2025-05-27 23:14:04,236 - WARNING - Unmatched: '' -> Option: 'None'
2025-05-27 23:14:04,236 - WARNING - Unmatched: '' -> Option: 'None'
2025-05-27 23:14:04,236 - WARNING - Unmatched: '' -> Option: 'None'
2025-05-27 23:14:04,236 - WARNING - Unmatched: '' -> Option: 'None'
2025-05-27 23:14:04,236 - WARNING - Unmatched: 'Question Text' -> Option: 'None'
2025-05-27 23:14:04,236 - WARNING - Unmatched: 'מזכירים לשחק גם במשחק' -> Option: 'None'
2025-05-27 23:14:04,284 - WARNING - --- Unmatched questions in file: סקר_ילדאמא-בוקר.csv ---
2025-05-27 23:14:04,284 - WARNING - Unmatched: '' -> Option: 'None'
2025-05-27 23:14:04,284 - WARNING - Unmatched: '' -> Option: 'None'
2025-05-27 23:14:04,285 - WARNING - Unmatched: '' -> Option: 'None'
2025-05-27 23:14:04,285 - WARNING - Unmatched: '' -> Option: 'None'
2025-05-27 23:14:04,285 - WARNING - Unmatched: '' -> Option: 'None'
2025-05-27 23:14:04,285 - WARNING - Unmatched: '' -> Option: 'None'
2025-05-27 23:14:04,285 - WARNING - Unmatched: '' -> Option: 'None'
2025-05-27 23:14:04,285 - WARNING - Unmatched: '' -> Option: 'None'
2025-05-27 23:14:04,285 - WARNING - Unmatched: '' -> Option: 'None'
2025-05-27 23:14:04,285 - WARNING - Unmatched: '' -> Option: 'None'
2025-05-27 23:14:04,285 - WARNING - Unmatched: '' -> Option: 'None'
2025-05-27 23:14:04,285 - WARNING - Unmatched: '' -> Option: 'None'
2025-05-27 23:14:04,285 - WARNING - Unmatched: '' -> Option: 'None'
2025-05-27 23:14:04,285 - WARNING - Unmatched: 'Question Text' -> Option: 'None'
2025-05-27 23:14:04,305 - WARNING - --- Unmatched questions in file: סקר_ילדאמא-ערב.csv ---
2025-05-27 23:14:04,305 - WARNING - Unmatched: '' -> Option: 'None'
2025-05-27 23:14:04,305 - WARNING - Unmatched: '' -> Option: 'None'
2025-05-27 23:14:04,305 - WARNING - Unmatched: '' -> Option: 'None'
2025-05-27 23:14:04,305 - WARNING - Unmatched: '' -> Option: 'None'
2025-05-27 23:14:04,305 - WARNING - Unmatched: '' -> Option: 'None'
2025-05-27 23:14:04,305 - WARNING - Unmatched: '' -> Option: 'None'
2025-05-27 23:14:04,305 - WARNING - Unmatched: '' -> Option: 'None'
2025-05-27 23:14:04,305 - WARNING - Unmatched: '' -> Option: 'None'
2025-05-27 23:14:04,305 - WARNING - Unmatched: '' -> Option: 'None'
2025-05-27 23:14:04,305 - WARNING - Unmatched: '' -> Option: 'None'
2025-05-27 23:14:04,305 - WARNING - Unmatched: '' -> Option: 'None'
2025-05-27 23:14:04,305 - WARNING - Unmatched: '' -> Option: 'None'
2025-05-27 23:14:04,306 - WARNING - Unmatched: '' -> Option: 'None'
2025-05-27 23:14:04,306 - WARNING - Unmatched: 'Question Text' -> Option: 'None'
2025-05-27 23:14:04,306 - WARNING - Unmatched: 'מזכירים לשחק גם במשחק' -> Option: 'None'
2025-05-27 23:14:04,385 - WARNING - --- Unmatched questions in file: סקר_ילדאמא-בוקר.csv ---
2025-05-27 23:14:04,385 - WARNING - Unmatched: '' -> Option: 'None'
2025-05-27 23:14:04,385 - WARNING - Unmatched: '' -> Option: 'None'
2025-05-27 23:14:04,385 - WARNING - Unmatched: '' -> Option: 'None'
2025-05-27 23:14:04,385 - WARNING - Unmatched: '' -> Option: 'None'
2025-05-27 23:14:04,385 - WARNING - Unmatched: '' -> Option: 'None'
2025-05-27 23:14:04,385 - WARNING - Unmatched: '' -> Option: 'None'
2025-05-27 23:14:04,385 - WARNING - Unmatched: '' -> Option: 'None'
2025-05-27 23:14:04,385 - WARNING - Unmatched: '' -> Option: 'None'
2025-05-27 23:14:04,385 - WARNING - Unmatched: '' -> Option: 'None'
2025-05-27 23:14:04,385 - WARNING - Unmatched: '' -> Option: 'None'
2025-05-27 23:14:04,385 - WARNING - Unmatched: '' -> Option: 'None'
2025-05-27 23:14:04,385 - WARNING - Unmatched: '' -> Option: 'None'
2025-05-27 23:14:04,385 - WARNING - Unmatched: '' -> Option: 'None'
2025-05-27 23:14:04,385 - WARNING - Unmatched: 'Question Text' -> Option: 'None'
2025-05-27 23:14:04,402 - WARNING - --- Unmatched questions in file: סקר_ילדאמא-ערב.csv ---
2025-05-27 23:14:04,402 - WARNING - Unmatched: '' -> Option: 'None'
2025-05-27 23:14:04,402 - WARNING - Unmatched: '' -> Option: 'None'
2025-05-27 23:14:04,402 - WARNING - Unmatched: '' -> Option: 'None'
2025-05-27 23:14:04,402 - WARNING - Unmatched: '' -> Option: 'None'
2025-05-27 23:14:04,402 - WARNING - Unmatched: '' -> Option: 'None'
2025-05-27 23:14:04,402 - WARNING - Unmatched: '' -> Option: 'None'
2025-05-27 23:14:04,402 - WARNING - Unmatched: '' -> Option: 'None'
2025-05-27 23:14:04,402 - WARNING - Unmatched: '' -> Option: 'None'
2025-05-27 23:14:04,402 - WARNING - Unmatched: '' -> Option: 'None'
2025-05-27 23:14:04,402 - WARNING - Unmatched: '' -> Option: 'None'
2025-05-27 23:14:04,403 - WARNING - Unmatched: '' -> Option: 'None'
2025-05-27 23:14:04,403 - WARNING - Unmatched: '' -> Option: 'None'
2025-05-27 23:14:04,403 - WARNING - Unmatched: '' -> Option: 'None'
2025-05-27 23:14:04,403 - WARNING - Unmatched: 'Question Text' -> Option: 'None'
2025-05-27 23:14:04,403 - WARNING - Unmatched: 'מזכירים לשחק גם במשחק' -> Option: 'None'
2025-05-27 23:14:04,445 - WARNING - --- Unmatched questions in file: סקר_ילדהאבא-בוקר.csv ---
2025-05-27 23:14:04,445 - WARNING - Unmatched: '' -> Option: 'None'
2025-05-27 23:14:04,445 - WARNING - Unmatched: '' -> Option: 'None'
2025-05-27 23:14:04,445 - WARNING - Unmatched: '' -> Option: 'None'
2025-05-27 23:14:04,445 - WARNING - Unmatched: '' -> Option: 'None'
2025-05-27 23:14:04,445 - WARNING - Unmatched: '' -> Option: 'None'
2025-05-27 23:14:04,445 - WARNING - Unmatched: '' -> Option: 'None'
2025-05-27 23:14:04,445 - WARNING - Unmatched: '' -> Option: 'None'
2025-05-27 23:14:04,445 - WARNING - Unmatched: '' -> Option: 'None'
2025-05-27 23:14:04,445 - WARNING - Unmatched: '' -> Option: 'None'
2025-05-27 23:14:04,445 - WARNING - Unmatched: '' -> Option: 'None'
2025-05-27 23:14:04,445 - WARNING - Unmatched: '' -> Option: 'None'
2025-05-27 23:14:04,445 - WARNING - Unmatched: '' -> Option: 'None'
2025-05-27 23:14:04,445 - WARNING - Unmatched: '' -> Option: 'None'
2025-05-27 23:14:04,445 - WARNING - Unmatched: 'Question Text' -> Option: 'None'
2025-05-27 23:14:04,462 - WARNING - --- Unmatched questions in file: סקר_ילדהאבא-ערב.csv ---
2025-05-27 23:14:04,462 - WARNING - Unmatched: '' -> Option: 'None'
2025-05-27 23:14:04,462 - WARNING - Unmatched: '' -> Option: 'None'
2025-05-27 23:14:04,462 - WARNING - Unmatched: '' -> Option: 'None'
2025-05-27 23:14:04,462 - WARNING - Unmatched: '' -> Option: 'None'
2025-05-27 23:14:04,462 - WARNING - Unmatched: '' -> Option: 'None'
2025-05-27 23:14:04,463 - WARNING - Unmatched: '' -> Option: 'None'
2025-05-27 23:14:04,463 - WARNING - Unmatched: '' -> Option: 'None'
2025-05-27 23:14:04,463 - WARNING - Unmatched: '' -> Option: 'None'
2025-05-27 23:14:04,463 - WARNING - Unmatched: '' -> Option: 'None'
2025-05-27 23:14:04,463 - WARNING - Unmatched: '' -> Option: 'None'
2025-05-27 23:14:04,463 - WARNING - Unmatched: '' -> Option: 'None'
2025-05-27 23:14:04,463 - WARNING - Unmatched: '' -> Option: 'None'
2025-05-27 23:14:04,463 - WARNING - Unmatched: '' -> Option: 'None'
2025-05-27 23:14:04,463 - WARNING - Unmatched: 'Question Text' -> Option: 'None'
2025-05-27 23:14:04,463 - WARNING - Unmatched: 'מזכירים לשחק גם במשחק' -> Option: 'None'
2025-05-27 23:14:04,505 - WARNING - --- Unmatched questions in file: סקר_ילדהאבא-בוקר.csv ---
2025-05-27 23:14:04,505 - WARNING - Unmatched: '' -> Option: 'None'
2025-05-27 23:14:04,505 - WARNING - Unmatched: '' -> Option: 'None'
2025-05-27 23:14:04,505 - WARNING - Unmatched: '' -> Option: 'None'
2025-05-27 23:14:04,505 - WARNING - Unmatched: '' -> Option: 'None'
2025-05-27 23:14:04,505 - WARNING - Unmatched: '' -> Option: 'None'
2025-05-27 23:14:04,505 - WARNING - Unmatched: '' -> Option: 'None'
2025-05-27 23:14:04,505 - WARNING - Unmatched: '' -> Option: 'None'
2025-05-27 23:14:04,505 - WARNING - Unmatched: '' -> Option: 'None'
2025-05-27 23:14:04,505 - WARNING - Unmatched: '' -> Option: 'None'
2025-05-27 23:14:04,505 - WARNING - Unmatched: '' -> Option: 'None'
2025-05-27 23:14:04,505 - WARNING - Unmatched: '' -> Option: 'None'
2025-05-27 23:14:04,505 - WARNING - Unmatched: '' -> Option: 'None'
2025-05-27 23:14:04,505 - WARNING - Unmatched: '' -> Option: 'None'
2025-05-27 23:14:04,505 - WARNING - Unmatched: 'Question Text' -> Option: 'None'
2025-05-27 23:14:04,523 - WARNING - --- Unmatched questions in file: סקר_ילדהאבא-ערב.csv ---
2025-05-27 23:14:04,523 - WARNING - Unmatched: '' -> Option: 'None'
2025-05-27 23:14:04,523 - WARNING - Unmatched: '' -> Option: 'None'
2025-05-27 23:14:04,523 - WARNING - Unmatched: '' -> Option: 'None'
2025-05-27 23:14:04,523 - WARNING - Unmatched: '' -> Option: 'None'
2025-05-27 23:14:04,523 - WARNING - Unmatched: '' -> Option: 'None'
2025-05-27 23:14:04,523 - WARNING - Unmatched: '' -> Option: 'None'
2025-05-27 23:14:04,523 - WARNING - Unmatched: '' -> Option: 'None'
2025-05-27 23:14:04,523 - WARNING - Unmatched: '' -> Option: 'None'
2025-05-27 23:14:04,523 - WARNING - Unmatched: '' -> Option: 'None'
2025-05-27 23:14:04,523 - WARNING - Unmatched: '' -> Option: 'None'
2025-05-27 23:14:04,523 - WARNING - Unmatched: '' -> Option: 'None'
2025-05-27 23:14:04,523 - WARNING - Unmatched: '' -> Option: 'None'
2025-05-27 23:14:04,523 - WARNING - Unmatched: '' -> Option: 'None'
2025-05-27 23:14:04,524 - WARNING - Unmatched: 'Question Text' -> Option: 'None'
2025-05-27 23:14:04,524 - WARNING - Unmatched: 'מזכירים לשחק גם במשחק' -> Option: 'None'
2025-05-27 23:14:04,572 - WARNING - --- Unmatched questions in file: סקר_ילדהאמא-בוקר.csv ---
2025-05-27 23:14:04,572 - WARNING - Unmatched: '' -> Option: 'None'
2025-05-27 23:14:04,572 - WARNING - Unmatched: '' -> Option: 'None'
2025-05-27 23:14:04,572 - WARNING - Unmatched: '' -> Option: 'None'
2025-05-27 23:14:04,572 - WARNING - Unmatched: '' -> Option: 'None'
2025-05-27 23:14:04,572 - WARNING - Unmatched: '' -> Option: 'None'
2025-05-27 23:14:04,572 - WARNING - Unmatched: '' -> Option: 'None'
2025-05-27 23:14:04,572 - WARNING - Unmatched: '' -> Option: 'None'
2025-05-27 23:14:04,572 - WARNING - Unmatched: '' -> Option: 'None'
2025-05-27 23:14:04,572 - WARNING - Unmatched: '' -> Option: 'None'
2025-05-27 23:14:04,572 - WARNING - Unmatched: '' -> Option: 'None'
2025-05-27 23:14:04,572 - WARNING - Unmatched: '' -> Option: 'None'
2025-05-27 23:14:04,572 - WARNING - Unmatched: '' -> Option: 'None'
2025-05-27 23:14:04,572 - WARNING - Unmatched: '' -> Option: 'None'
2025-05-27 23:14:04,572 - WARNING - Unmatched: 'Question Text' -> Option: 'None'
2025-05-27 23:14:04,592 - WARNING - --- Unmatched questions in file: סקר_ילדהאמא-ערב.csv ---
2025-05-27 23:14:04,592 - WARNING - Unmatched: '' -> Option: 'None'
2025-05-27 23:14:04,592 - WARNING - Unmatched: '' -> Option: 'None'
2025-05-27 23:14:04,592 - WARNING - Unmatched: '' -> Option: 'None'
2025-05-27 23:14:04,592 - WARNING - Unmatched: '' -> Option: 'None'
2025-05-27 23:14:04,592 - WARNING - Unmatched: '' -> Option: 'None'
2025-05-27 23:14:04,592 - WARNING - Unmatched: '' -> Option: 'None'
2025-05-27 23:14:04,592 - WARNING - Unmatched: '' -> Option: 'None'
2025-05-27 23:14:04,592 - WARNING - Unmatched: '' -> Option: 'None'
2025-05-27 23:14:04,592 - WARNING - Unmatched: '' -> Option: 'None'
2025-05-27 23:14:04,592 - WARNING - Unmatched: '' -> Option: 'None'
2025-05-27 23:14:04,592 - WARNING - Unmatched: '' -> Option: 'None'
2025-05-27 23:14:04,592 - WARNING - Unmatched: '' -> Option: 'None'
2025-05-27 23:14:04,592 - WARNING - Unmatched: '' -> Option: 'None'
2025-05-27 23:14:04,593 - WARNING - Unmatched: 'Question Text' -> Option: 'None'
2025-05-27 23:14:04,593 - WARNING - Unmatched: 'מזכירים לשחק גם במשחק' -> Option: 'None'
2025-05-27 23:14:04,667 - WARNING - --- Unmatched questions in file: סקר_ילדהאמא-בוקר.csv ---
2025-05-27 23:14:04,667 - WARNING - Unmatched: '' -> Option: 'None'
2025-05-27 23:14:04,667 - WARNING - Unmatched: '' -> Option: 'None'
2025-05-27 23:14:04,667 - WARNING - Unmatched: '' -> Option: 'None'
2025-05-27 23:14:04,667 - WARNING - Unmatched: '' -> Option: 'None'
2025-05-27 23:14:04,667 - WARNING - Unmatched: '' -> Option: 'None'
2025-05-27 23:14:04,668 - WARNING - Unmatched: '' -> Option: 'None'
2025-05-27 23:14:04,668 - WARNING - Unmatched: '' -> Option: 'None'
2025-05-27 23:14:04,668 - WARNING - Unmatched: '' -> Option: 'None'
2025-05-27 23:14:04,668 - WARNING - Unmatched: '' -> Option: 'None'
2025-05-27 23:14:04,668 - WARNING - Unmatched: '' -> Option: 'None'
2025-05-27 23:14:04,668 - WARNING - Unmatched: '' -> Option: 'None'
2025-05-27 23:14:04,668 - WARNING - Unmatched: '' -> Option: 'None'
2025-05-27 23:14:04,668 - WARNING - Unmatched: '' -> Option: 'None'
2025-05-27 23:14:04,668 - WARNING - Unmatched: 'Question Text' -> Option: 'None'
2025-05-27 23:14:04,686 - WARNING - --- Unmatched questions in file: סקר_ילדהאמא-ערב.csv ---
2025-05-27 23:14:04,686 - WARNING - Unmatched: '' -> Option: 'None'
2025-05-27 23:14:04,686 - WARNING - Unmatched: '' -> Option: 'None'
2025-05-27 23:14:04,686 - WARNING - Unmatched: '' -> Option: 'None'
2025-05-27 23:14:04,686 - WARNING - Unmatched: '' -> Option: 'None'
2025-05-27 23:14:04,686 - WARNING - Unmatched: '' -> Option: 'None'
2025-05-27 23:14:04,686 - WARNING - Unmatched: '' -> Option: 'None'
2025-05-27 23:14:04,687 - WARNING - Unmatched: '' -> Option: 'None'
2025-05-27 23:14:04,687 - WARNING - Unmatched: '' -> Option: 'None'
2025-05-27 23:14:04,687 - WARNING - Unmatched: '' -> Option: 'None'
2025-05-27 23:14:04,687 - WARNING - Unmatched: '' -> Option: 'None'
2025-05-27 23:14:04,687 - WARNING - Unmatched: '' -> Option: 'None'
2025-05-27 23:14:04,687 - WARNING - Unmatched: '' -> Option: 'None'
2025-05-27 23:14:04,687 - WARNING - Unmatched: '' -> Option: 'None'
2025-05-27 23:14:04,687 - WARNING - Unmatched: 'Question Text' -> Option: 'None'
2025-05-27 23:14:04,687 - WARNING - Unmatched: 'מזכירים לשחק גם במשחק' -> Option: 'None'
2025-05-27 23:14:04,757 - WARNING - --- Unmatched questions in file: סקר_הורה__בוקר.csv ---
2025-05-27 23:14:04,757 - WARNING - Unmatched: '' -> Option: 'None'
2025-05-27 23:14:04,757 - WARNING - Unmatched: '' -> Option: 'None'
2025-05-27 23:14:04,757 - WARNING - Unmatched: '' -> Option: 'None'
2025-05-27 23:14:04,757 - WARNING - Unmatched: '' -> Option: 'None'
2025-05-27 23:14:04,757 - WARNING - Unmatched: '' -> Option: 'None'
2025-05-27 23:14:04,757 - WARNING - Unmatched: '' -> Option: 'None'
2025-05-27 23:14:04,757 - WARNING - Unmatched: '' -> Option: 'None'
2025-05-27 23:14:04,757 - WARNING - Unmatched: '' -> Option: 'None'
2025-05-27 23:14:04,757 - WARNING - Unmatched: '' -> Option: 'None'
2025-05-27 23:14:04,758 - WARNING - Unmatched: '' -> Option: 'None'
2025-05-27 23:14:04,758 - WARNING - Unmatched: '' -> Option: 'None'
2025-05-27 23:14:04,758 - WARNING - Unmatched: '' -> Option: 'None'
2025-05-27 23:14:04,758 - WARNING - Unmatched: '' -> Option: 'None'
2025-05-27 23:14:04,758 - WARNING - Unmatched: 'Question Text' -> Option: 'None'
2025-05-27 23:14:04,785 - WARNING - --- Unmatched questions in file: סקר_הורהערב.csv ---
2025-05-27 23:14:04,786 - WARNING - Unmatched: '' -> Option: 'None'
2025-05-27 23:14:04,786 - WARNING - Unmatched: '' -> Option: 'None'
2025-05-27 23:14:04,786 - WARNING - Unmatched: '' -> Option: 'None'
2025-05-27 23:14:04,786 - WARNING - Unmatched: '' -> Option: 'None'
2025-05-27 23:14:04,786 - WARNING - Unmatched: '' -> Option: 'None'
2025-05-27 23:14:04,786 - WARNING - Unmatched: '' -> Option: 'None'
2025-05-27 23:14:04,786 - WARNING - Unmatched: '' -> Option: 'None'
2025-05-27 23:14:04,786 - WARNING - Unmatched: '' -> Option: 'None'
2025-05-27 23:14:04,786 - WARNING - Unmatched: '' -> Option: 'None'
2025-05-27 23:14:04,786 - WARNING - Unmatched: '' -> Option: 'None'
2025-05-27 23:14:04,786 - WARNING - Unmatched: '' -> Option: 'None'
2025-05-27 23:14:04,786 - WARNING - Unmatched: '' -> Option: 'None'
2025-05-27 23:14:04,786 - WARNING - Unmatched: '' -> Option: 'None'
2025-05-27 23:14:04,786 - WARNING - Unmatched: 'Question Text' -> Option: 'None'
2025-05-27 23:14:05,013 - WARNING - --- Unmatched questions in file: סקר_הורה__בוקר.csv ---
2025-05-27 23:14:05,013 - WARNING - Unmatched: '' -> Option: 'None'
2025-05-27 23:14:05,013 - WARNING - Unmatched: '' -> Option: 'None'
2025-05-27 23:14:05,013 - WARNING - Unmatched: '' -> Option: 'None'
2025-05-27 23:14:05,013 - WARNING - Unmatched: '' -> Option: 'None'
2025-05-27 23:14:05,013 - WARNING - Unmatched: '' -> Option: 'None'
2025-05-27 23:14:05,013 - WARNING - Unmatched: '' -> Option: 'None'
2025-05-27 23:14:05,013 - WARNING - Unmatched: '' -> Option: 'None'
2025-05-27 23:14:05,013 - WARNING - Unmatched: '' -> Option: 'None'
2025-05-27 23:14:05,013 - WARNING - Unmatched: '' -> Option: 'None'
2025-05-27 23:14:05,013 - WARNING - Unmatched: '' -> Option: 'None'
2025-05-27 23:14:05,014 - WARNING - Unmatched: '' -> Option: 'None'
2025-05-27 23:14:05,014 - WARNING - Unmatched: '' -> Option: 'None'
2025-05-27 23:14:05,014 - WARNING - Unmatched: '' -> Option: 'None'
2025-05-27 23:14:05,014 - WARNING - Unmatched: 'Question Text' -> Option: 'None'
2025-05-27 23:14:05,042 - WARNING - --- Unmatched questions in file: סקר_הורהערב.csv ---
2025-05-27 23:14:05,042 - WARNING - Unmatched: '' -> Option: 'None'
2025-05-27 23:14:05,042 - WARNING - Unmatched: '' -> Option: 'None'
2025-05-27 23:14:05,042 - WARNING - Unmatched: '' -> Option: 'None'
2025-05-27 23:14:05,042 - WARNING - Unmatched: '' -> Option: 'None'
2025-05-27 23:14:05,042 - WARNING - Unmatched: '' -> Option: 'None'
2025-05-27 23:14:05,042 - WARNING - Unmatched: '' -> Option: 'None'
2025-05-27 23:14:05,042 - WARNING - Unmatched: '' -> Option: 'None'
2025-05-27 23:14:05,042 - WARNING - Unmatched: '' -> Option: 'None'
2025-05-27 23:14:05,042 - WARNING - Unmatched: '' -> Option: 'None'
2025-05-27 23:14:05,042 - WARNING - Unmatched: '' -> Option: 'None'
2025-05-27 23:14:05,042 - WARNING - Unmatched: '' -> Option: 'None'
2025-05-27 23:14:05,043 - WARNING - Unmatched: '' -> Option: 'None'
2025-05-27 23:14:05,043 - WARNING - Unmatched: '' -> Option: 'None'
2025-05-27 23:14:05,043 - WARNING - Unmatched: 'Question Text' -> Option: 'None'
